Fri Nov 29 16:45:13 2024       
+-----------------------------------------------------------------------------------------+
| NVIDIA-SMI 565.57.01              Driver Version: 565.57.01      CUDA Version: 12.7     |
|-----------------------------------------+------------------------+----------------------+
| GPU  Name                 Persistence-M | Bus-Id          Disp.A | Volatile Uncorr. ECC |
| Fan  Temp   Perf          Pwr:Usage/Cap |           Memory-Usage | GPU-Util  Compute M. |
|                                         |                        |               MIG M. |
|=========================================+========================+======================|
|   0  NVIDIA A100-PCIE-40GB          On  |   00000000:86:00.0 Off |                    0 |
| N/A   31C    P0             57W /  250W |       1MiB /  40960MiB |      0%   E. Process |
|                                         |                        |             Disabled |
+-----------------------------------------+------------------------+----------------------+
                                                                                         
+-----------------------------------------------------------------------------------------+
| Processes:                                                                              |
|  GPU   GI   CI        PID   Type   Process name                              GPU Memory |
|        ID   ID                                                               Usage      |
|=========================================================================================|
|  No running processes found                                                             |
+-----------------------------------------------------------------------------------------+

------------------------------------------------------------
Sender: LSF System <lsfadmin@hpc.dtu.dk>
Subject: Job 23301914: <CUDA_test> in cluster <dcc> Exited

Job <CUDA_test> was submitted from host <gbarlogin1> by user <s183529> in cluster <dcc> at Fri Nov 29 13:40:25 2024
Job was executed on host(s) <4*n-62-12-24>, in queue <gpua100>, as user <s183529> in cluster <dcc> at Fri Nov 29 16:45:10 2024
</zhome/32/9/137127> was used as the home directory.
</zhome/32/9/137127/Master-Thesis> was used as the working directory.
Started at Fri Nov 29 16:45:10 2024
Terminated at Fri Nov 29 16:45:13 2024
Results reported at Fri Nov 29 16:45:13 2024

Your job looked like:

------------------------------------------------------------
# LSBATCH: User input
#!/bin/sh
### General options
### –- specify queue --
#BSUB -q gpua100
### -- set the job Name --
#BSUB -J CUDA_test
### -- ask for number of cores (default: 1) --
#BSUB -n 4
### -- Select the resources: 1 gpu in exclusive process mode --
#BSUB -gpu "num=1"
### -- set walltime limit: hh:mm --  maximum 24 hours for GPU-queues right now
#BSUB -W 1:00
# request 4GB of system-memory
#BSUB -R "rusage[mem=4GB]"
### -- set the email address --
# please uncomment the following line and put in your e-mail address,
# if you want to receive e-mail notifications on a non-default address
##BSUB -u your_email_address
### -- send notification at start --
##BSUB -B
### -- send notification at completion--
##BSUB -N
### -- Specify the output and error file. %J is the job-id --
### -- -o and -e mean append, -oo and -eo mean overwrite --
#BSUB -o gpu_%J.out
#BSUB -e gpu_%J.err
# -- end of LSF options --


# -- Load modules --
module load python3
nvidia-smi
module load cuda

# -- Activate the virtual environment --
source /zhome/32/9/137127/Master-Thesis/.venv/bin/activate

# Execute Python file
python test.py
------------------------------------------------------------

Exited with exit code 1.

Resource usage summary:

    CPU time :                                   0.61 sec.
    Max Memory :                                 -
    Average Memory :                             -
    Total Requested Memory :                     16384.00 MB
    Delta Memory :                               -
    Max Swap :                                   -
    Max Processes :                              -
    Max Threads :                                -
    Run time :                                   3 sec.
    Turnaround time :                            11088 sec.

The output (if any) is above this job summary.



PS:

Read file <gpu_23301914.err> for stderr output of this job.

